<?xml version="1.0" encoding="UTF-8"?>
<!-- Generated by org.testng.reporters.JUnitXMLReporter -->
<testsuite ignored="1" hostname="ASUS" failures="0" tests="2" name="Test" time="13.367" errors="0" timestamp="2025-12-14T04:50:08 IST">
  <testcase classname="TestCase.TC001_AccountRegistrationTest" name="verifyRegistration" time="2.21"/>
  <testcase classname="TestCase.TC002_LoginTest" name="verifyLogin" time="2.351"/>
  <testcase classname="TestCase.TC003_LoginTestDDT" name="verify_loginDDT" time="0.0">
    <ignored/>
  </testcase> <!-- verify_loginDDT -->
</testsuite> <!-- Test -->
