<html>
<head>
<title>TestNG:  Chrome Test</title>
<link href="../testng.css" rel="stylesheet" type="text/css" />
<link href="../my-testng.css" rel="stylesheet" type="text/css" />

<style type="text/css">
.log { display: none;} 
.stack-trace { display: none;} 
</style>
<script type="text/javascript">
<!--
function flip(e) {
  current = e.style.display;
  if (current == 'block') {
    e.style.display = 'none';
    return 0;
  }
  else {
    e.style.display = 'block';
    return 1;
  }
}

function toggleBox(szDivId, elem, msg1, msg2)
{
  var res = -1;  if (document.getElementById) {
    res = flip(document.getElementById(szDivId));
  }
  else if (document.all) {
    // this is the way old msie versions work
    res = flip(document.all[szDivId]);
  }
  if(elem) {
    if(res == 0) elem.innerHTML = msg1; else elem.innerHTML = msg2;
  }

}

function toggleAllBoxes() {
  if (document.getElementsByTagName) {
    d = document.getElementsByTagName('div');
    for (i = 0; i < d.length; i++) {
      if (d[i].className == 'log') {
        flip(d[i]);
      }
    }
  }
}

// -->
</script>

</head>
<body>
<h2 align='center'>Chrome Test</h2><table border='1' align="center">
<tr>
<td>Tests passed/Failed/Skipped:</td><td>6/1/0</td>
</tr><tr>
<td>Started on:</td><td>Sat Dec 20 21:45:46 IST 2025</td>
</tr>
<tr><td>Total time:</td><td>67 seconds (67351 ms)</td>
</tr><tr>
<td>Included groups:</td><td></td>
</tr><tr>
<td>Excluded groups:</td><td></td>
</tr>
</table><p/>
<small><i>(Hover the method name to see the test class name)</i></small><p/>
<table width='100%' border='1' class='invocation-failed'>
<tr><td colspan='4' align='center'><b>FAILED TESTS</b></td></tr>
<tr><td><b>Test method</b></td>
<td><b>Attribute(s)</b></td>
<td width="30%"><b>Exception</b></td>
<td width="10%"><b>Time (seconds)</b></td>
<td><b>Instance</b></td>
</tr>
<tr>
<td title='TestCase.TC002_LoginTest.verifyLogin()'><b>verifyLogin</b><br>Test class: TestCase.TC002_LoginTest</td>
<td><div><pre>java.lang.AssertionError: Login failed - My Account page not displayed expected [true] but found [false]
	at TestCase.TC002_LoginTest.verifyLogin(TC002_LoginTest.java:26)
	at java.base/java.util.ArrayList.forEach(ArrayList.java:1596)
	at java.base/java.util.concurrent.FutureTask.run(FutureTask.java:317)
	at java.base/java.util.concurrent.ThreadPoolExecutor.runWorker(ThreadPoolExecutor.java:1144)
	at java.base/java.util.concurrent.ThreadPoolExecutor$Worker.run(ThreadPoolExecutor.java:642)
	at java.base/java.lang.Thread.run(Thread.java:1583)
... Removed 18 stack frames</pre></div><a href='#' onClick='toggleBox("stack-trace1065247365", this, "Click to show all stack frames", "Click to hide stack frames")'>Click to show all stack frames</a>
<div class='stack-trace' id='stack-trace1065247365'><pre>java.lang.AssertionError: Login failed - My Account page not displayed expected [true] but found [false]
	at org.testng.Assert.fail(Assert.java:111)
	at org.testng.Assert.failNotEquals(Assert.java:1590)
	at org.testng.Assert.assertTrue(Assert.java:57)
	at TestCase.TC002_LoginTest.verifyLogin(TC002_LoginTest.java:26)
	at java.base/jdk.internal.reflect.DirectMethodHandleAccessor.invoke(DirectMethodHandleAccessor.java:103)
	at java.base/java.lang.reflect.Method.invoke(Method.java:580)
	at org.testng.internal.invokers.MethodInvocationHelper.invokeMethod(MethodInvocationHelper.java:141)
	at org.testng.internal.invokers.TestInvoker.invokeMethod(TestInvoker.java:687)
	at org.testng.internal.invokers.TestInvoker.invokeTestMethod(TestInvoker.java:230)
	at org.testng.internal.invokers.MethodRunner.runInSequence(MethodRunner.java:63)
	at org.testng.internal.invokers.TestInvoker$MethodInvocationAgent.invoke(TestInvoker.java:995)
	at org.testng.internal.invokers.TestInvoker.invokeTestMethods(TestInvoker.java:203)
	at org.testng.internal.invokers.TestMethodWorker.invokeTestMethods(TestMethodWorker.java:154)
	at org.testng.internal.invokers.TestMethodWorker.run(TestMethodWorker.java:134)
	at java.base/java.util.ArrayList.forEach(ArrayList.java:1596)
	at org.testng.TestRunner.privateRun(TestRunner.java:741)
	at org.testng.TestRunner.run(TestRunner.java:616)
	at org.testng.SuiteRunner.runTest(SuiteRunner.java:421)
	at org.testng.SuiteRunner$SuiteWorker.run(SuiteRunner.java:463)
	at org.testng.internal.thread.ThreadUtil.lambda$execute$0(ThreadUtil.java:64)
	at java.base/java.util.concurrent.FutureTask.run(FutureTask.java:317)
	at java.base/java.util.concurrent.ThreadPoolExecutor.runWorker(ThreadPoolExecutor.java:1144)
	at java.base/java.util.concurrent.ThreadPoolExecutor$Worker.run(ThreadPoolExecutor.java:642)
	at java.base/java.lang.Thread.run(Thread.java:1583)
</pre></div></td>
<td>11</td>
<td>TestCase.TC002_LoginTest@79517588</td></tr>
</table><p>
<table width='100%' border='1' class='invocation-passed'>
<tr><td colspan='4' align='center'><b>PASSED TESTS</b></td></tr>
<tr><td><b>Test method</b></td>
<td><b>Attribute(s)</b></td>
<td width="30%"><b>Exception</b></td>
<td width="10%"><b>Time (seconds)</b></td>
<td><b>Instance</b></td>
</tr>
<tr>
<td title='TestCase.TC003_LoginTestDDT.verify_loginDDT()'><b>verify_loginDDT</b><br>Test class: TestCase.TC003_LoginTestDDT<br>Parameters: testuser02@mail.com, Testuser@124, invalid</td>
<td></td>
<td>10</td>
<td>TestCase.TC003_LoginTestDDT@3a0baae5</td></tr>
<tr>
<td title='TestCase.TC003_LoginTestDDT.verify_loginDDT()'><b>verify_loginDDT</b><br>Test class: TestCase.TC003_LoginTestDDT<br>Parameters: testuser03@mail.com, Testuser@125, invalid</td>
<td></td>
<td>10</td>
<td>TestCase.TC003_LoginTestDDT@3a0baae5</td></tr>
<tr>
<td title='TestCase.TC003_LoginTestDDT.verify_loginDDT()'><b>verify_loginDDT</b><br>Test class: TestCase.TC003_LoginTestDDT<br>Parameters: testuser04@mail.com, Testuser@126, invalid</td>
<td></td>
<td>10</td>
<td>TestCase.TC003_LoginTestDDT@3a0baae5</td></tr>
<tr>
<td title='TestCase.TC003_LoginTestDDT.verify_loginDDT()'><b>verify_loginDDT</b><br>Test class: TestCase.TC003_LoginTestDDT<br>Parameters: testuser01@mail.com, Testuser@123, valid</td>
<td></td>
<td>2</td>
<td>TestCase.TC003_LoginTestDDT@3a0baae5</td></tr>
<tr>
<td title='TestCase.TC003_LoginTestDDT.verify_loginDDT()'><b>verify_loginDDT</b><br>Test class: TestCase.TC003_LoginTestDDT<br>Parameters: testuser05@mail.com, Testuser@127, invalid</td>
<td></td>
<td>10</td>
<td>TestCase.TC003_LoginTestDDT@3a0baae5</td></tr>
<tr>
<td title='TestCase.TC001_AccountRegistrationTest.verifyRegistration()'><b>verifyRegistration</b><br>Test class: TestCase.TC001_AccountRegistrationTest</td>
<td></td>
<td>2</td>
<td>TestCase.TC001_AccountRegistrationTest@79179359</td></tr>
</table><p>
</body>
</html>