<?xml version="1.0" encoding="UTF-8"?>
<!-- Generated by org.testng.reporters.JUnitXMLReporter -->
<testsuite ignored="0" hostname="ASUS" failures="1" tests="7" name="Chrome Test" time="67.351" errors="0" timestamp="2025-12-20T21:46:53 IST">
  <testcase classname="TestCase.TC001_AccountRegistrationTest" name="verifyRegistration" time="2.112"/>
  <testcase classname="TestCase.TC002_LoginTest" name="verifyLogin" time="11.946">
    <failure type="java.lang.AssertionError" message="Login failed - My Account page not displayed expected [true] but found [false]">
      <![CDATA[java.lang.AssertionError: Login failed - My Account page not displayed expected [true] but found [false]
at TestCase.TC002_LoginTest.verifyLogin(TC002_LoginTest.java:26)
at java.base/java.util.ArrayList.forEach(ArrayList.java:1596)
at java.base/java.util.concurrent.FutureTask.run(FutureTask.java:317)
at java.base/java.util.concurrent.ThreadPoolExecutor.runWorker(ThreadPoolExecutor.java:1144)
at java.base/java.util.concurrent.ThreadPoolExecutor$Worker.run(ThreadPoolExecutor.java:642)
at java.base/java.lang.Thread.run(Thread.java:1583)
... Removed 18 stack frames]]>
    </failure>
  </testcase> <!-- verifyLogin -->
  <testcase classname="TestCase.TC003_LoginTestDDT" name="verify_loginDDT" time="2.468"/>
  <testcase classname="TestCase.TC003_LoginTestDDT" name="verify_loginDDT" time="10.186"/>
  <testcase classname="TestCase.TC003_LoginTestDDT" name="verify_loginDDT" time="10.212"/>
  <testcase classname="TestCase.TC003_LoginTestDDT" name="verify_loginDDT" time="10.221"/>
  <testcase classname="TestCase.TC003_LoginTestDDT" name="verify_loginDDT" time="10.191"/>
</testsuite> <!-- Chrome Test -->
