<?xml version="1.0" encoding="UTF-8"?>
<!-- Generated by org.testng.reporters.JUnitXMLReporter -->
<testsuite ignored="0" hostname="ASUS" failures="0" tests="7" name="Edge Test" time="66.736" errors="0" timestamp="2025-12-21T20:24:41 IST">
  <testcase classname="TestCase.TC001_AccountRegistrationTest" name="verifyRegistration" time="1.73"/>
  <testcase classname="TestCase.TC002_LoginTest" name="verifyLogin" time="2.355"/>
  <testcase classname="TestCase.TC003_LoginTestDDT" name="verify_loginDDT" time="2.341"/>
  <testcase classname="TestCase.TC003_LoginTestDDT" name="verify_loginDDT" time="10.195"/>
  <testcase classname="TestCase.TC003_LoginTestDDT" name="verify_loginDDT" time="10.204"/>
  <testcase classname="TestCase.TC003_LoginTestDDT" name="verify_loginDDT" time="10.212"/>
  <testcase classname="TestCase.TC003_LoginTestDDT" name="verify_loginDDT" time="10.195"/>
</testsuite> <!-- Edge Test -->
