<?xml version="1.0" encoding="UTF-8"?>
<!-- Generated by org.testng.reporters.JUnitXMLReporter -->
<testsuite ignored="0" hostname="ASUS" failures="0" tests="7" name="Test" time="57.125" errors="0" timestamp="2025-12-07T19:11:49 IST">
  <testcase classname="TestCase.TC001_AccountRegistrationTest" name="verifyRegistration" time="2.17"/>
  <testcase classname="TestCase.TC002_LoginTest" name="verifyLogin" time="2.367"/>
  <testcase classname="TestCase.TC003_LoginTestDDT" name="verify_loginDDT" time="1.938"/>
  <testcase classname="TestCase.TC003_LoginTestDDT" name="verify_loginDDT" time="10.182"/>
  <testcase classname="TestCase.TC003_LoginTestDDT" name="verify_loginDDT" time="10.303"/>
  <testcase classname="TestCase.TC003_LoginTestDDT" name="verify_loginDDT" time="10.216"/>
  <testcase classname="TestCase.TC003_LoginTestDDT" name="verify_loginDDT" time="10.18"/>
</testsuite> <!-- Test -->
