<?xml version="1.0" encoding="UTF-8"?>
<!-- Generated by org.testng.reporters.JUnitXMLReporter -->
<testsuite ignored="0" hostname="ASUS" failures="0" tests="7" name="Test" time="64.606" errors="0" timestamp="2025-12-20T21:43:07 IST">
  <testcase classname="TestCase.TC001_AccountRegistrationTest" name="verifyRegistration" time="2.044"/>
  <testcase classname="TestCase.TC002_LoginTest" name="verifyLogin" time="2.603"/>
  <testcase classname="TestCase.TC003_LoginTestDDT" name="verify_loginDDT" time="2.545"/>
  <testcase classname="TestCase.TC003_LoginTestDDT" name="verify_loginDDT" time="10.203"/>
  <testcase classname="TestCase.TC003_LoginTestDDT" name="verify_loginDDT" time="10.197"/>
  <testcase classname="TestCase.TC003_LoginTestDDT" name="verify_loginDDT" time="10.179"/>
  <testcase classname="TestCase.TC003_LoginTestDDT" name="verify_loginDDT" time="10.188"/>
</testsuite> <!-- Test -->
