<?xml version="1.0" encoding="UTF-8"?>
<testng-results ignored="0" total="0" passed="0" failed="0" skipped="0">
  <reporter-output>
  </reporter-output>
  <suite started-at="2025-12-21T21:49:59 IST" name="Master Suite" finished-at="2025-12-21T21:49:59 IST" duration-ms="0">
    <groups>
      <group name="dadadriven">
        <method signature="TC003_LoginTestDDT.verify_loginDDT(java.lang.String,java.lang.String,java.lang.String)[pri:0, instance:TestCase.TC003_LoginTestDDT@a3d9978]" name="verify_loginDDT" class="TestCase.TC003_LoginTestDDT"/>
        <method signature="TC003_LoginTestDDT.verify_loginDDT(java.lang.String,java.lang.String,java.lang.String)[pri:0, instance:TestCase.TC003_LoginTestDDT@4b40f651]" name="verify_loginDDT" class="TestCase.TC003_LoginTestDDT"/>
      </group> <!-- dadadriven -->
      <group name="regression">
        <method signature="TC001_AccountRegistrationTest.verifyRegistration()[pri:0, instance:TestCase.TC001_AccountRegistrationTest@c9d0d6]" name="verifyRegistration" class="TestCase.TC001_AccountRegistrationTest"/>
        <method signature="TC001_AccountRegistrationTest.verifyRegistration()[pri:0, instance:TestCase.TC001_AccountRegistrationTest@3d3e5463]" name="verifyRegistration" class="TestCase.TC001_AccountRegistrationTest"/>
      </group> <!-- regression -->
      <group name="sanity">
        <method signature="TC002_LoginTest.verifyLogin()[pri:0, instance:TestCase.TC002_LoginTest@265adfad]" name="verifyLogin" class="TestCase.TC002_LoginTest"/>
        <method signature="TC002_LoginTest.verifyLogin()[pri:0, instance:TestCase.TC002_LoginTest@64a40280]" name="verifyLogin" class="TestCase.TC002_LoginTest"/>
      </group> <!-- sanity -->
      <group name="master">
        <method signature="TC001_AccountRegistrationTest.verifyRegistration()[pri:0, instance:TestCase.TC001_AccountRegistrationTest@c9d0d6]" name="verifyRegistration" class="TestCase.TC001_AccountRegistrationTest"/>
        <method signature="TC002_LoginTest.verifyLogin()[pri:0, instance:TestCase.TC002_LoginTest@265adfad]" name="verifyLogin" class="TestCase.TC002_LoginTest"/>
        <method signature="TC001_AccountRegistrationTest.verifyRegistration()[pri:0, instance:TestCase.TC001_AccountRegistrationTest@3d3e5463]" name="verifyRegistration" class="TestCase.TC001_AccountRegistrationTest"/>
        <method signature="TC002_LoginTest.verifyLogin()[pri:0, instance:TestCase.TC002_LoginTest@64a40280]" name="verifyLogin" class="TestCase.TC002_LoginTest"/>
      </group> <!-- master -->
    </groups>
  </suite> <!-- Master Suite -->
</testng-results>
