<?xml version="1.0" encoding="UTF-8"?>
<testsuite xmlns:xsi="http://www.w3.org/2001/XMLSchema-instance" xsi:noNamespaceSchemaLocation="https://maven.apache.org/surefire/maven-surefire-plugin/xsd/surefire-test-report.xsd" version="3.0.2" name="TestSuite" time="68.001" tests="7" errors="0" skipped="0" failures="1">
  <properties>
[...]
</properties>
  <testcase name="verifyRegistration" classname="TestCase.TC001_AccountRegistrationTest" time="10.671">
    <failure message="expected [Registration is successful] but found [no such element: Unable to locate element: {&quot;method&quot;:&quot;xpath&quot;,&quot;selector&quot;:&quot;//div[@class=&apos;result alert alert-success&apos;]&quot;}&#10;  (Session info: chrome=143.0.7499.194)&#10;For documentation on this error, please visit: https://www.selenium.dev/documentation/webdriver/troubleshooting/errors#nosuchelementexception&#10;Build info: version: &apos;4.39.0&apos;, revision: &apos;126f156aee&apos;&#10;System info: os.name: &apos;Windows 11&apos;, os.arch: &apos;amd64&apos;, os.version: &apos;10.0&apos;, java.version: &apos;21.0.8&apos;&#10;Driver info: org.openqa.selenium.chrome.ChromeDriver&#10;Command: [78c2a42811c89ba6ae936f29950f2137, findElement {using=xpath, value=//div[@class=&apos;result alert alert-success&apos;]}]&#10;Capabilities {acceptInsecureCerts: false, browserName: chrome, browserVersion: 143.0.7499.194, chrome: {chromedriverVersion: 143.0.7499.192 (be2c1f4fd45..., userDataDir: C:\Users\anura\AppData\Loca...}, fedcm:accounts: true, goog:chromeOptions: {debuggerAddress: localhost:61039}, goog:processID: 28368, networkConnectionEnabled: false, pageLoadStrategy: normal, platformName: windows, proxy: Proxy(), se:cdp: ws://localhost:61039/devtoo..., se:cdpVersion: 143.0.7499.194, setWindowRect: true, strictFileInteractability: false, timeouts: {implicit: 0, pageLoad: 300000, script: 30000}, unhandledPromptBehavior: dismiss and notify, webauthn:extension:credBlob: true, webauthn:extension:largeBlob: true, webauthn:extension:minPinLength: true, webauthn:extension:prf: true, webauthn:virtualAuthenticators: true}&#10;Session ID: 78c2a42811c89ba6ae936f29950f2137]" type="java.lang.AssertionError"><![CDATA[java.lang.AssertionError: 
expected [Registration is successful] but found [no such element: Unable to locate element: {"method":"xpath","selector":"//div[@class='result alert alert-success']"}
  (Session info: chrome=143.0.7499.194)
For documentation on this error, please visit: https://www.selenium.dev/documentation/webdriver/troubleshooting/errors#nosuchelementexception
Build info: version: '4.39.0', revision: '126f156aee'
System info: os.name: 'Windows 11', os.arch: 'amd64', os.version: '10.0', java.version: '21.0.8'
Driver info: org.openqa.selenium.chrome.ChromeDriver
Command: [78c2a42811c89ba6ae936f29950f2137, findElement {using=xpath, value=//div[@class='result alert alert-success']}]
Capabilities {acceptInsecureCerts: false, browserName: chrome, browserVersion: 143.0.7499.194, chrome: {chromedriverVersion: 143.0.7499.192 (be2c1f4fd45..., userDataDir: C:\Users\anura\AppData\Loca...}, fedcm:accounts: true, goog:chromeOptions: {debuggerAddress: localhost:61039}, goog:processID: 28368, networkConnectionEnabled: false, pageLoadStrategy: normal, platformName: windows, proxy: Proxy(), se:cdp: ws://localhost:61039/devtoo..., se:cdpVersion: 143.0.7499.194, setWindowRect: true, strictFileInteractability: false, timeouts: {implicit: 0, pageLoad: 300000, script: 30000}, unhandledPromptBehavior: dismiss and notify, webauthn:extension:credBlob: true, webauthn:extension:largeBlob: true, webauthn:extension:minPinLength: true, webauthn:extension:prf: true, webauthn:virtualAuthenticators: true}
Session ID: 78c2a42811c89ba6ae936f29950f2137]
	at org.testng.Assert.fail(Assert.java:111)
	at org.testng.Assert.failNotEquals(Assert.java:1590)
	at org.testng.Assert.assertEqualsImpl(Assert.java:150)
	at org.testng.Assert.assertEquals(Assert.java:132)
	at org.testng.Assert.assertEquals(Assert.java:656)
	at org.testng.Assert.assertEquals(Assert.java:666)
	at TestCase.TC001_AccountRegistrationTest.verifyRegistration(TC001_AccountRegistrationTest.java:37)
	at java.base/jdk.internal.reflect.DirectMethodHandleAccessor.invoke(DirectMethodHandleAccessor.java:103)
	at java.base/java.lang.reflect.Method.invoke(Method.java:580)
	at org.testng.internal.invokers.MethodInvocationHelper.invokeMethod(MethodInvocationHelper.java:141)
	at org.testng.internal.invokers.TestInvoker.invokeMethod(TestInvoker.java:687)
	at org.testng.internal.invokers.TestInvoker.invokeTestMethod(TestInvoker.java:230)
	at org.testng.internal.invokers.MethodRunner.runInSequence(MethodRunner.java:63)
	at org.testng.internal.invokers.TestInvoker$MethodInvocationAgent.invoke(TestInvoker.java:995)
	at org.testng.internal.invokers.TestInvoker.invokeTestMethods(TestInvoker.java:203)
	at org.testng.internal.invokers.TestMethodWorker.invokeTestMethods(TestMethodWorker.java:154)
	at org.testng.internal.invokers.TestMethodWorker.run(TestMethodWorker.java:134)
	at java.base/java.util.ArrayList.forEach(ArrayList.java:1596)
	at org.testng.TestRunner.privateRun(TestRunner.java:741)
	at org.testng.TestRunner.run(TestRunner.java:616)
	at org.testng.SuiteRunner.runTest(SuiteRunner.java:421)
	at org.testng.SuiteRunner$SuiteWorker.run(SuiteRunner.java:463)
	at org.testng.internal.thread.ThreadUtil.lambda$execute$0(ThreadUtil.java:64)
	at java.base/java.util.concurrent.FutureTask.run(FutureTask.java:317)
	at java.base/java.util.concurrent.ThreadPoolExecutor.runWorker(ThreadPoolExecutor.java:1144)
	at java.base/java.util.concurrent.ThreadPoolExecutor$Worker.run(ThreadPoolExecutor.java:642)
	at java.base/java.lang.Thread.run(Thread.java:1583)
]]></failure>
  </testcase>
  <testcase name="verifyLogin" classname="TestCase.TC002_LoginTest" time="2.493"/>
  <testcase name="verify_loginDDT[testuser01@mail.com, Testuser@123, valid](1)" classname="TestCase.TC003_LoginTestDDT" time="1.91"/>
  <testcase name="verify_loginDDT[testuser02@mail.com, Testuser@124, invalid](2)" classname="TestCase.TC003_LoginTestDDT" time="10.192"/>
  <testcase name="verify_loginDDT[testuser03@mail.com, Testuser@125, invalid](3)" classname="TestCase.TC003_LoginTestDDT" time="10.171"/>
  <testcase name="verify_loginDDT[testuser04@mail.com, Testuser@126, invalid](4)" classname="TestCase.TC003_LoginTestDDT" time="10.159"/>
  <testcase name="verify_loginDDT[testuser05@mail.com, Testuser@127, invalid](5)" classname="TestCase.TC003_LoginTestDDT" time="10.178"/>
</testsuite>