<?xml version="1.0" encoding="UTF-8"?>
<testng-results ignored="0" total="7" passed="7" failed="0" skipped="0">
  <reporter-output>
  </reporter-output>
  <suite started-at="2025-12-08T14:47:06 IST" name="Suite" finished-at="2025-12-08T14:48:02 IST" duration-ms="56590">
    <groups>
    </groups>
    <test started-at="2025-12-08T14:47:06 IST" name="Test" finished-at="2025-12-08T14:48:02 IST" duration-ms="56590">
      <class name="TestCase.TC002_LoginTest">
        <test-method is-config="true" signature="setup(java.lang.String,java.lang.String)[pri:0, instance:TestCase.TC002_LoginTest@2f1de2d6]" started-at="2025-12-08T14:47:11 IST" name="setup" finished-at="2025-12-08T14:47:13 IST" duration-ms="1949" status="PASS">
          <params>
            <param index="0">
              <value>
                <![CDATA[Windows]]>
              </value>
            </param>
            <param index="1">
              <value>
                <![CDATA[chrome]]>
              </value>
            </param>
          </params>
          <reporter-output>
          </reporter-output>
        </test-method> <!-- setup -->
        <test-method signature="verifyLogin()[pri:0, instance:TestCase.TC002_LoginTest@2f1de2d6]" started-at="2025-12-08T14:47:13 IST" name="verifyLogin" finished-at="2025-12-08T14:47:15 IST" duration-ms="2556" status="PASS">
          <reporter-output>
          </reporter-output>
        </test-method> <!-- verifyLogin -->
        <test-method is-config="true" signature="tearDown()[pri:0, instance:TestCase.TC002_LoginTest@2f1de2d6]" started-at="2025-12-08T14:47:15 IST" name="tearDown" finished-at="2025-12-08T14:47:16 IST" duration-ms="226" status="PASS">
          <reporter-output>
          </reporter-output>
        </test-method> <!-- tearDown -->
      </class> <!-- TestCase.TC002_LoginTest -->
      <class name="TestCase.TC001_AccountRegistrationTest">
        <test-method is-config="true" signature="setup(java.lang.String,java.lang.String)[pri:0, instance:TestCase.TC001_AccountRegistrationTest@40238dd0]" started-at="2025-12-08T14:47:06 IST" name="setup" finished-at="2025-12-08T14:47:09 IST" duration-ms="2613" status="PASS">
          <params>
            <param index="0">
              <value>
                <![CDATA[Windows]]>
              </value>
            </param>
            <param index="1">
              <value>
                <![CDATA[chrome]]>
              </value>
            </param>
          </params>
          <reporter-output>
          </reporter-output>
        </test-method> <!-- setup -->
        <test-method signature="verifyRegistration()[pri:0, instance:TestCase.TC001_AccountRegistrationTest@40238dd0]" started-at="2025-12-08T14:47:09 IST" name="verifyRegistration" finished-at="2025-12-08T14:47:11 IST" duration-ms="2100" status="PASS">
          <reporter-output>
          </reporter-output>
        </test-method> <!-- verifyRegistration -->
        <test-method is-config="true" signature="tearDown()[pri:0, instance:TestCase.TC001_AccountRegistrationTest@40238dd0]" started-at="2025-12-08T14:47:11 IST" name="tearDown" finished-at="2025-12-08T14:47:11 IST" duration-ms="203" status="PASS">
          <reporter-output>
          </reporter-output>
        </test-method> <!-- tearDown -->
      </class> <!-- TestCase.TC001_AccountRegistrationTest -->
      <class name="TestCase.TC003_LoginTestDDT">
        <test-method is-config="true" signature="setup(java.lang.String,java.lang.String)[pri:0, instance:TestCase.TC003_LoginTestDDT@4eb386df]" started-at="2025-12-08T14:47:16 IST" name="setup" finished-at="2025-12-08T14:47:17 IST" duration-ms="1577" status="PASS">
          <params>
            <param index="0">
              <value>
                <![CDATA[Windows]]>
              </value>
            </param>
            <param index="1">
              <value>
                <![CDATA[chrome]]>
              </value>
            </param>
          </params>
          <reporter-output>
          </reporter-output>
        </test-method> <!-- setup -->
        <test-method signature="verify_loginDDT(java.lang.String,java.lang.String,java.lang.String)[pri:0, instance:TestCase.TC003_LoginTestDDT@4eb386df]" started-at="2025-12-08T14:47:18 IST" name="verify_loginDDT" data-provider="LoginData" finished-at="2025-12-08T14:47:21 IST" duration-ms="2643" status="PASS">
          <params>
            <param index="0">
              <value>
                <![CDATA[testuser01@mail.com]]>
              </value>
            </param>
            <param index="1">
              <value>
                <![CDATA[Testuser@123]]>
              </value>
            </param>
            <param index="2">
              <value>
                <![CDATA[valid]]>
              </value>
            </param>
          </params>
          <reporter-output>
          </reporter-output>
        </test-method> <!-- verify_loginDDT -->
        <test-method signature="verify_loginDDT(java.lang.String,java.lang.String,java.lang.String)[pri:0, instance:TestCase.TC003_LoginTestDDT@4eb386df]" started-at="2025-12-08T14:47:21 IST" name="verify_loginDDT" data-provider="LoginData" finished-at="2025-12-08T14:47:31 IST" duration-ms="10251" status="PASS">
          <params>
            <param index="0">
              <value>
                <![CDATA[testuser02@mail.com]]>
              </value>
            </param>
            <param index="1">
              <value>
                <![CDATA[Testuser@124]]>
              </value>
            </param>
            <param index="2">
              <value>
                <![CDATA[invalid]]>
              </value>
            </param>
          </params>
          <reporter-output>
          </reporter-output>
        </test-method> <!-- verify_loginDDT -->
        <test-method signature="verify_loginDDT(java.lang.String,java.lang.String,java.lang.String)[pri:0, instance:TestCase.TC003_LoginTestDDT@4eb386df]" started-at="2025-12-08T14:47:31 IST" name="verify_loginDDT" data-provider="LoginData" finished-at="2025-12-08T14:47:42 IST" duration-ms="10238" status="PASS">
          <params>
            <param index="0">
              <value>
                <![CDATA[testuser03@mail.com]]>
              </value>
            </param>
            <param index="1">
              <value>
                <![CDATA[Testuser@125]]>
              </value>
            </param>
            <param index="2">
              <value>
                <![CDATA[invalid]]>
              </value>
            </param>
          </params>
          <reporter-output>
          </reporter-output>
        </test-method> <!-- verify_loginDDT -->
        <test-method signature="verify_loginDDT(java.lang.String,java.lang.String,java.lang.String)[pri:0, instance:TestCase.TC003_LoginTestDDT@4eb386df]" started-at="2025-12-08T14:47:42 IST" name="verify_loginDDT" data-provider="LoginData" finished-at="2025-12-08T14:47:52 IST" duration-ms="10316" status="PASS">
          <params>
            <param index="0">
              <value>
                <![CDATA[testuser04@mail.com]]>
              </value>
            </param>
            <param index="1">
              <value>
                <![CDATA[Testuser@126]]>
              </value>
            </param>
            <param index="2">
              <value>
                <![CDATA[invalid]]>
              </value>
            </param>
          </params>
          <reporter-output>
          </reporter-output>
        </test-method> <!-- verify_loginDDT -->
        <test-method signature="verify_loginDDT(java.lang.String,java.lang.String,java.lang.String)[pri:0, instance:TestCase.TC003_LoginTestDDT@4eb386df]" started-at="2025-12-08T14:47:52 IST" name="verify_loginDDT" data-provider="LoginData" finished-at="2025-12-08T14:48:02 IST" duration-ms="10190" status="PASS">
          <params>
            <param index="0">
              <value>
                <![CDATA[testuser05@mail.com]]>
              </value>
            </param>
            <param index="1">
              <value>
                <![CDATA[Testuser@127]]>
              </value>
            </param>
            <param index="2">
              <value>
                <![CDATA[invalid]]>
              </value>
            </param>
          </params>
          <reporter-output>
          </reporter-output>
        </test-method> <!-- verify_loginDDT -->
        <test-method is-config="true" signature="tearDown()[pri:0, instance:TestCase.TC003_LoginTestDDT@4eb386df]" started-at="2025-12-08T14:48:02 IST" name="tearDown" finished-at="2025-12-08T14:48:02 IST" duration-ms="209" status="PASS">
          <reporter-output>
          </reporter-output>
        </test-method> <!-- tearDown -->
      </class> <!-- TestCase.TC003_LoginTestDDT -->
    </test> <!-- Test -->
  </suite> <!-- Suite -->
</testng-results>
