<?xml version="1.0" encoding="UTF-8"?>
<testng-results ignored="0" total="7" passed="7" failed="0" skipped="0">
  <reporter-output>
  </reporter-output>
  <suite started-at="2025-12-07T19:10:52 IST" name="Suite" finished-at="2025-12-07T19:11:49 IST" duration-ms="57125">
    <groups>
    </groups>
    <test started-at="2025-12-07T19:10:52 IST" name="Test" finished-at="2025-12-07T19:11:49 IST" duration-ms="57125">
      <class name="TestCase.TC002_LoginTest">
        <test-method is-config="true" signature="setup(java.lang.String,java.lang.String)[pri:0, instance:TestCase.TC002_LoginTest@40238dd0]" started-at="2025-12-07T19:10:59 IST" name="setup" finished-at="2025-12-07T19:11:01 IST" duration-ms="2026" status="PASS">
          <params>
            <param index="0">
              <value>
                <![CDATA[Windows]]>
              </value>
            </param>
            <param index="1">
              <value>
                <![CDATA[chrome]]>
              </value>
            </param>
          </params>
          <reporter-output>
          </reporter-output>
        </test-method> <!-- setup -->
        <test-method signature="verifyLogin()[pri:0, instance:TestCase.TC002_LoginTest@40238dd0]" started-at="2025-12-07T19:11:01 IST" name="verifyLogin" finished-at="2025-12-07T19:11:03 IST" duration-ms="2367" status="PASS">
          <reporter-output>
          </reporter-output>
        </test-method> <!-- verifyLogin -->
        <test-method is-config="true" signature="tearDown()[pri:0, instance:TestCase.TC002_LoginTest@40238dd0]" started-at="2025-12-07T19:11:03 IST" name="tearDown" finished-at="2025-12-07T19:11:04 IST" duration-ms="196" status="PASS">
          <reporter-output>
          </reporter-output>
        </test-method> <!-- tearDown -->
      </class> <!-- TestCase.TC002_LoginTest -->
      <class name="TestCase.TC001_AccountRegistrationTest">
        <test-method is-config="true" signature="setup(java.lang.String,java.lang.String)[pri:0, instance:TestCase.TC001_AccountRegistrationTest@460ebd80]" started-at="2025-12-07T19:10:52 IST" name="setup" finished-at="2025-12-07T19:10:57 IST" duration-ms="4393" status="PASS">
          <params>
            <param index="0">
              <value>
                <![CDATA[Windows]]>
              </value>
            </param>
            <param index="1">
              <value>
                <![CDATA[chrome]]>
              </value>
            </param>
          </params>
          <reporter-output>
          </reporter-output>
        </test-method> <!-- setup -->
        <test-method signature="verifyRegistration()[pri:0, instance:TestCase.TC001_AccountRegistrationTest@460ebd80]" started-at="2025-12-07T19:10:57 IST" name="verifyRegistration" finished-at="2025-12-07T19:10:59 IST" duration-ms="2170" status="PASS">
          <reporter-output>
          </reporter-output>
        </test-method> <!-- verifyRegistration -->
        <test-method is-config="true" signature="tearDown()[pri:0, instance:TestCase.TC001_AccountRegistrationTest@460ebd80]" started-at="2025-12-07T19:10:59 IST" name="tearDown" finished-at="2025-12-07T19:10:59 IST" duration-ms="183" status="PASS">
          <reporter-output>
          </reporter-output>
        </test-method> <!-- tearDown -->
      </class> <!-- TestCase.TC001_AccountRegistrationTest -->
      <class name="TestCase.TC003_LoginTestDDT">
        <test-method is-config="true" signature="setup(java.lang.String,java.lang.String)[pri:0, instance:TestCase.TC003_LoginTestDDT@7776ab]" started-at="2025-12-07T19:11:04 IST" name="setup" finished-at="2025-12-07T19:11:05 IST" duration-ms="1779" status="PASS">
          <params>
            <param index="0">
              <value>
                <![CDATA[Windows]]>
              </value>
            </param>
            <param index="1">
              <value>
                <![CDATA[chrome]]>
              </value>
            </param>
          </params>
          <reporter-output>
          </reporter-output>
        </test-method> <!-- setup -->
        <test-method signature="verify_loginDDT(java.lang.String,java.lang.String,java.lang.String)[pri:0, instance:TestCase.TC003_LoginTestDDT@7776ab]" started-at="2025-12-07T19:11:06 IST" name="verify_loginDDT" data-provider="LoginData" finished-at="2025-12-07T19:11:08 IST" duration-ms="1938" status="PASS">
          <params>
            <param index="0">
              <value>
                <![CDATA[testuser01@mail.com]]>
              </value>
            </param>
            <param index="1">
              <value>
                <![CDATA[Testuser@123]]>
              </value>
            </param>
            <param index="2">
              <value>
                <![CDATA[valid]]>
              </value>
            </param>
          </params>
          <reporter-output>
          </reporter-output>
        </test-method> <!-- verify_loginDDT -->
        <test-method signature="verify_loginDDT(java.lang.String,java.lang.String,java.lang.String)[pri:0, instance:TestCase.TC003_LoginTestDDT@7776ab]" started-at="2025-12-07T19:11:08 IST" name="verify_loginDDT" data-provider="LoginData" finished-at="2025-12-07T19:11:18 IST" duration-ms="10182" status="PASS">
          <params>
            <param index="0">
              <value>
                <![CDATA[testuser02@mail.com]]>
              </value>
            </param>
            <param index="1">
              <value>
                <![CDATA[Testuser@124]]>
              </value>
            </param>
            <param index="2">
              <value>
                <![CDATA[invalid]]>
              </value>
            </param>
          </params>
          <reporter-output>
          </reporter-output>
        </test-method> <!-- verify_loginDDT -->
        <test-method signature="verify_loginDDT(java.lang.String,java.lang.String,java.lang.String)[pri:0, instance:TestCase.TC003_LoginTestDDT@7776ab]" started-at="2025-12-07T19:11:18 IST" name="verify_loginDDT" data-provider="LoginData" finished-at="2025-12-07T19:11:29 IST" duration-ms="10303" status="PASS">
          <params>
            <param index="0">
              <value>
                <![CDATA[testuser03@mail.com]]>
              </value>
            </param>
            <param index="1">
              <value>
                <![CDATA[Testuser@125]]>
              </value>
            </param>
            <param index="2">
              <value>
                <![CDATA[invalid]]>
              </value>
            </param>
          </params>
          <reporter-output>
          </reporter-output>
        </test-method> <!-- verify_loginDDT -->
        <test-method signature="verify_loginDDT(java.lang.String,java.lang.String,java.lang.String)[pri:0, instance:TestCase.TC003_LoginTestDDT@7776ab]" started-at="2025-12-07T19:11:29 IST" name="verify_loginDDT" data-provider="LoginData" finished-at="2025-12-07T19:11:39 IST" duration-ms="10216" status="PASS">
          <params>
            <param index="0">
              <value>
                <![CDATA[testuser04@mail.com]]>
              </value>
            </param>
            <param index="1">
              <value>
                <![CDATA[Testuser@126]]>
              </value>
            </param>
            <param index="2">
              <value>
                <![CDATA[invalid]]>
              </value>
            </param>
          </params>
          <reporter-output>
          </reporter-output>
        </test-method> <!-- verify_loginDDT -->
        <test-method signature="verify_loginDDT(java.lang.String,java.lang.String,java.lang.String)[pri:0, instance:TestCase.TC003_LoginTestDDT@7776ab]" started-at="2025-12-07T19:11:39 IST" name="verify_loginDDT" data-provider="LoginData" finished-at="2025-12-07T19:11:49 IST" duration-ms="10180" status="PASS">
          <params>
            <param index="0">
              <value>
                <![CDATA[testuser05@mail.com]]>
              </value>
            </param>
            <param index="1">
              <value>
                <![CDATA[Testuser@127]]>
              </value>
            </param>
            <param index="2">
              <value>
                <![CDATA[invalid]]>
              </value>
            </param>
          </params>
          <reporter-output>
          </reporter-output>
        </test-method> <!-- verify_loginDDT -->
        <test-method is-config="true" signature="tearDown()[pri:0, instance:TestCase.TC003_LoginTestDDT@7776ab]" started-at="2025-12-07T19:11:49 IST" name="tearDown" finished-at="2025-12-07T19:11:49 IST" duration-ms="195" status="PASS">
          <reporter-output>
          </reporter-output>
        </test-method> <!-- tearDown -->
      </class> <!-- TestCase.TC003_LoginTestDDT -->
    </test> <!-- Test -->
  </suite> <!-- Suite -->
</testng-results>
