<?xml version="1.0" encoding="UTF-8"?>
<testng-results ignored="0" total="2" passed="2" failed="0" skipped="0">
  <reporter-output>
  </reporter-output>
  <suite started-at="2025-12-07T10:25:07 IST" name="Suite" finished-at="2025-12-07T10:25:15 IST" duration-ms="7976">
    <groups>
    </groups>
    <test started-at="2025-12-07T10:25:07 IST" name="Test" finished-at="2025-12-07T10:25:15 IST" duration-ms="7976">
      <class name="TestCase.TC002_LoginTest">
        <test-method is-config="true" signature="setup(java.lang.String,java.lang.String)[pri:0, instance:TestCase.TC002_LoginTest@79179359]" started-at="2025-12-07T10:25:11 IST" name="setup" finished-at="2025-12-07T10:25:13 IST" duration-ms="1726" status="PASS">
          <params>
            <param index="0">
              <value>
                <![CDATA[Windows]]>
              </value>
            </param>
            <param index="1">
              <value>
                <![CDATA[chrome]]>
              </value>
            </param>
          </params>
          <reporter-output>
          </reporter-output>
        </test-method> <!-- setup -->
        <test-method signature="verifyLogin()[pri:0, instance:TestCase.TC002_LoginTest@79179359]" started-at="2025-12-07T10:25:13 IST" name="verifyLogin" finished-at="2025-12-07T10:25:15 IST" duration-ms="2198" status="PASS">
          <reporter-output>
          </reporter-output>
        </test-method> <!-- verifyLogin -->
        <test-method is-config="true" signature="tearDown()[pri:0, instance:TestCase.TC002_LoginTest@79179359]" started-at="2025-12-07T10:25:15 IST" name="tearDown" finished-at="2025-12-07T10:25:15 IST" duration-ms="176" status="PASS">
          <reporter-output>
          </reporter-output>
        </test-method> <!-- tearDown -->
      </class> <!-- TestCase.TC002_LoginTest -->
      <class name="TestCase.TC001_AccountRegistrationTest">
        <test-method is-config="true" signature="setup(java.lang.String,java.lang.String)[pri:0, instance:TestCase.TC001_AccountRegistrationTest@74f5ce22]" started-at="2025-12-07T10:25:08 IST" name="setup" finished-at="2025-12-07T10:25:10 IST" duration-ms="2219" status="PASS">
          <params>
            <param index="0">
              <value>
                <![CDATA[Windows]]>
              </value>
            </param>
            <param index="1">
              <value>
                <![CDATA[chrome]]>
              </value>
            </param>
          </params>
          <reporter-output>
          </reporter-output>
        </test-method> <!-- setup -->
        <test-method signature="verifyRegistration()[pri:0, instance:TestCase.TC001_AccountRegistrationTest@74f5ce22]" started-at="2025-12-07T10:25:10 IST" name="verifyRegistration" finished-at="2025-12-07T10:25:11 IST" duration-ms="1467" status="PASS">
          <reporter-output>
          </reporter-output>
        </test-method> <!-- verifyRegistration -->
        <test-method is-config="true" signature="tearDown()[pri:0, instance:TestCase.TC001_AccountRegistrationTest@74f5ce22]" started-at="2025-12-07T10:25:11 IST" name="tearDown" finished-at="2025-12-07T10:25:11 IST" duration-ms="152" status="PASS">
          <reporter-output>
          </reporter-output>
        </test-method> <!-- tearDown -->
      </class> <!-- TestCase.TC001_AccountRegistrationTest -->
    </test> <!-- Test -->
  </suite> <!-- Suite -->
</testng-results>
