<?xml version="1.0" encoding="UTF-8"?>
<testng-results ignored="1" total="3" passed="2" failed="0" skipped="0">
  <reporter-output>
  </reporter-output>
  <suite started-at="2025-12-13T18:54:03 IST" name="Grouping Suite" finished-at="2025-12-13T18:54:12 IST" duration-ms="8482">
    <groups>
      <group name="regression">
        <method signature="TC001_AccountRegistrationTest.verifyRegistration()[pri:0, instance:TestCase.TC001_AccountRegistrationTest@6e950bcf]" name="verifyRegistration" class="TestCase.TC001_AccountRegistrationTest"/>
      </group> <!-- regression -->
      <group name="sanity">
        <method signature="TC002_LoginTest.verifyLogin()[pri:0, instance:TestCase.TC002_LoginTest@78383390]" name="verifyLogin" class="TestCase.TC002_LoginTest"/>
      </group> <!-- sanity -->
      <group name="master">
        <method signature="TC001_AccountRegistrationTest.verifyRegistration()[pri:0, instance:TestCase.TC001_AccountRegistrationTest@6e950bcf]" name="verifyRegistration" class="TestCase.TC001_AccountRegistrationTest"/>
        <method signature="TC002_LoginTest.verifyLogin()[pri:0, instance:TestCase.TC002_LoginTest@78383390]" name="verifyLogin" class="TestCase.TC002_LoginTest"/>
      </group> <!-- master -->
    </groups>
    <test started-at="2025-12-13T18:54:03 IST" name="Test" finished-at="2025-12-13T18:54:12 IST" duration-ms="8482">
      <class name="TestCase.TC002_LoginTest">
        <test-method is-config="true" signature="setup(java.lang.String,java.lang.String)[pri:0, instance:TestCase.TC002_LoginTest@78383390]" started-at="2025-12-13T18:54:07 IST" name="setup" finished-at="2025-12-13T18:54:09 IST" duration-ms="1822" status="PASS">
          <params>
            <param index="0">
              <value>
                <![CDATA[Windows]]>
              </value>
            </param>
            <param index="1">
              <value>
                <![CDATA[chrome]]>
              </value>
            </param>
          </params>
          <reporter-output>
          </reporter-output>
        </test-method> <!-- setup -->
        <test-method signature="verifyLogin()[pri:0, instance:TestCase.TC002_LoginTest@78383390]" started-at="2025-12-13T18:54:09 IST" name="verifyLogin" finished-at="2025-12-13T18:54:11 IST" duration-ms="2039" status="PASS">
          <reporter-output>
          </reporter-output>
        </test-method> <!-- verifyLogin -->
        <test-method is-config="true" signature="tearDown()[pri:0, instance:TestCase.TC002_LoginTest@78383390]" started-at="2025-12-13T18:54:11 IST" name="tearDown" finished-at="2025-12-13T18:54:12 IST" duration-ms="181" status="PASS">
          <reporter-output>
          </reporter-output>
        </test-method> <!-- tearDown -->
      </class> <!-- TestCase.TC002_LoginTest -->
      <class name="TestCase.TC001_AccountRegistrationTest">
        <test-method is-config="true" signature="setup(java.lang.String,java.lang.String)[pri:0, instance:TestCase.TC001_AccountRegistrationTest@6e950bcf]" started-at="2025-12-13T18:54:03 IST" name="setup" finished-at="2025-12-13T18:54:06 IST" duration-ms="2280" status="PASS">
          <params>
            <param index="0">
              <value>
                <![CDATA[Windows]]>
              </value>
            </param>
            <param index="1">
              <value>
                <![CDATA[chrome]]>
              </value>
            </param>
          </params>
          <reporter-output>
          </reporter-output>
        </test-method> <!-- setup -->
        <test-method signature="verifyRegistration()[pri:0, instance:TestCase.TC001_AccountRegistrationTest@6e950bcf]" started-at="2025-12-13T18:54:06 IST" name="verifyRegistration" finished-at="2025-12-13T18:54:07 IST" duration-ms="1781" status="PASS">
          <reporter-output>
          </reporter-output>
        </test-method> <!-- verifyRegistration -->
        <test-method is-config="true" signature="tearDown()[pri:0, instance:TestCase.TC001_AccountRegistrationTest@6e950bcf]" started-at="2025-12-13T18:54:07 IST" name="tearDown" finished-at="2025-12-13T18:54:07 IST" duration-ms="157" status="PASS">
          <reporter-output>
          </reporter-output>
        </test-method> <!-- tearDown -->
      </class> <!-- TestCase.TC001_AccountRegistrationTest -->
    </test> <!-- Test -->
  </suite> <!-- Grouping Suite -->
</testng-results>
