<?xml version="1.0" encoding="UTF-8"?>
<testng-results ignored="0" total="1" passed="1" failed="0" skipped="0">
  <reporter-output>
  </reporter-output>
  <suite started-at="2025-11-30T23:52:20 IST" name="Default suite" finished-at="2025-11-30T23:52:25 IST" duration-ms="5446">
    <groups>
    </groups>
    <test started-at="2025-11-30T23:52:20 IST" name="Default test" finished-at="2025-11-30T23:52:25 IST" duration-ms="5446">
      <class name="TestCase.TC001_AccountRegistrationTest">
        <test-method is-config="true" signature="setup()[pri:0, instance:TestCase.TC001_AccountRegistrationTest@3fa247d1]" started-at="2025-11-30T23:52:20 IST" name="setup" finished-at="2025-11-30T23:52:23 IST" duration-ms="3026" status="PASS">
          <reporter-output>
          </reporter-output>
        </test-method> <!-- setup -->
        <test-method signature="verifyRegistration()[pri:0, instance:TestCase.TC001_AccountRegistrationTest@3fa247d1]" started-at="2025-11-30T23:52:23 IST" name="verifyRegistration" finished-at="2025-11-30T23:52:25 IST" duration-ms="2121" status="PASS">
          <reporter-output>
          </reporter-output>
        </test-method> <!-- verifyRegistration -->
        <test-method is-config="true" signature="tearDown()[pri:0, instance:TestCase.TC001_AccountRegistrationTest@3fa247d1]" started-at="2025-11-30T23:52:25 IST" name="tearDown" finished-at="2025-11-30T23:52:25 IST" duration-ms="216" status="PASS">
          <reporter-output>
          </reporter-output>
        </test-method> <!-- tearDown -->
      </class> <!-- TestCase.TC001_AccountRegistrationTest -->
    </test> <!-- Default test -->
  </suite> <!-- Default suite -->
</testng-results>
