<?xml version="1.0" encoding="UTF-8"?>
<testng-results ignored="0" total="7" passed="6" failed="1" skipped="0">
  <reporter-output>
  </reporter-output>
  <suite started-at="2025-12-20T21:45:46 IST" name="Master Suite" finished-at="2025-12-20T21:46:53 IST" duration-ms="67351">
    <groups>
      <group name="dadadriven">
        <method signature="TC003_LoginTestDDT.verify_loginDDT(java.lang.String,java.lang.String,java.lang.String)[pri:0, instance:TestCase.TC003_LoginTestDDT@3a0baae5]" name="verify_loginDDT" class="TestCase.TC003_LoginTestDDT"/>
        <method signature="TC003_LoginTestDDT.verify_loginDDT(java.lang.String,java.lang.String,java.lang.String)[pri:0, instance:TestCase.TC003_LoginTestDDT@f316aeb]" name="verify_loginDDT" class="TestCase.TC003_LoginTestDDT"/>
      </group> <!-- dadadriven -->
      <group name="regression">
        <method signature="TC001_AccountRegistrationTest.verifyRegistration()[pri:0, instance:TestCase.TC001_AccountRegistrationTest@79179359]" name="verifyRegistration" class="TestCase.TC001_AccountRegistrationTest"/>
        <method signature="TC001_AccountRegistrationTest.verifyRegistration()[pri:0, instance:TestCase.TC001_AccountRegistrationTest@41d426b5]" name="verifyRegistration" class="TestCase.TC001_AccountRegistrationTest"/>
      </group> <!-- regression -->
      <group name="sanity">
        <method signature="TC002_LoginTest.verifyLogin()[pri:0, instance:TestCase.TC002_LoginTest@79517588]" name="verifyLogin" class="TestCase.TC002_LoginTest"/>
        <method signature="TC002_LoginTest.verifyLogin()[pri:0, instance:TestCase.TC002_LoginTest@8dbfffb]" name="verifyLogin" class="TestCase.TC002_LoginTest"/>
      </group> <!-- sanity -->
      <group name="master">
        <method signature="TC001_AccountRegistrationTest.verifyRegistration()[pri:0, instance:TestCase.TC001_AccountRegistrationTest@79179359]" name="verifyRegistration" class="TestCase.TC001_AccountRegistrationTest"/>
        <method signature="TC002_LoginTest.verifyLogin()[pri:0, instance:TestCase.TC002_LoginTest@79517588]" name="verifyLogin" class="TestCase.TC002_LoginTest"/>
        <method signature="TC001_AccountRegistrationTest.verifyRegistration()[pri:0, instance:TestCase.TC001_AccountRegistrationTest@41d426b5]" name="verifyRegistration" class="TestCase.TC001_AccountRegistrationTest"/>
        <method signature="TC002_LoginTest.verifyLogin()[pri:0, instance:TestCase.TC002_LoginTest@8dbfffb]" name="verifyLogin" class="TestCase.TC002_LoginTest"/>
      </group> <!-- master -->
    </groups>
    <test started-at="2025-12-20T21:45:46 IST" name="Chrome Test" finished-at="2025-12-20T21:46:53 IST" duration-ms="67351">
      <class name="TestCase.TC002_LoginTest">
        <test-method is-config="true" signature="setup(java.lang.String,java.lang.String)[pri:0, instance:TestCase.TC002_LoginTest@79517588]" started-at="2025-12-20T21:45:51 IST" name="setup" finished-at="2025-12-20T21:45:54 IST" duration-ms="3341" status="PASS">
          <params>
            <param index="0">
              <value>
                <![CDATA[Windows]]>
              </value>
            </param>
            <param index="1">
              <value>
                <![CDATA[chrome]]>
              </value>
            </param>
          </params>
          <reporter-output>
          </reporter-output>
        </test-method> <!-- setup -->
        <test-method signature="verifyLogin()[pri:0, instance:TestCase.TC002_LoginTest@79517588]" started-at="2025-12-20T21:45:54 IST" name="verifyLogin" finished-at="2025-12-20T21:46:06 IST" duration-ms="11946" status="FAIL">
          <exception class="java.lang.AssertionError">
            <message>
              <![CDATA[Login failed - My Account page not displayed expected [true] but found [false]]]>
            </message>
            <full-stacktrace>
              <![CDATA[java.lang.AssertionError: Login failed - My Account page not displayed expected [true] but found [false]
at org.testng.Assert.fail(Assert.java:111)
at org.testng.Assert.failNotEquals(Assert.java:1590)
at org.testng.Assert.assertTrue(Assert.java:57)
at TestCase.TC002_LoginTest.verifyLogin(TC002_LoginTest.java:26)
at java.base/jdk.internal.reflect.DirectMethodHandleAccessor.invoke(DirectMethodHandleAccessor.java:103)
at java.base/java.lang.reflect.Method.invoke(Method.java:580)
at org.testng.internal.invokers.MethodInvocationHelper.invokeMethod(MethodInvocationHelper.java:141)
at org.testng.internal.invokers.TestInvoker.invokeMethod(TestInvoker.java:687)
at org.testng.internal.invokers.TestInvoker.invokeTestMethod(TestInvoker.java:230)
at org.testng.internal.invokers.MethodRunner.runInSequence(MethodRunner.java:63)
at org.testng.internal.invokers.TestInvoker$MethodInvocationAgent.invoke(TestInvoker.java:995)
at org.testng.internal.invokers.TestInvoker.invokeTestMethods(TestInvoker.java:203)
at org.testng.internal.invokers.TestMethodWorker.invokeTestMethods(TestMethodWorker.java:154)
at org.testng.internal.invokers.TestMethodWorker.run(TestMethodWorker.java:134)
at java.base/java.util.ArrayList.forEach(ArrayList.java:1596)
at org.testng.TestRunner.privateRun(TestRunner.java:741)
at org.testng.TestRunner.run(TestRunner.java:616)
at org.testng.SuiteRunner.runTest(SuiteRunner.java:421)
at org.testng.SuiteRunner$SuiteWorker.run(SuiteRunner.java:463)
at org.testng.internal.thread.ThreadUtil.lambda$execute$0(ThreadUtil.java:64)
at java.base/java.util.concurrent.FutureTask.run(FutureTask.java:317)
at java.base/java.util.concurrent.ThreadPoolExecutor.runWorker(ThreadPoolExecutor.java:1144)
at java.base/java.util.concurrent.ThreadPoolExecutor$Worker.run(ThreadPoolExecutor.java:642)
at java.base/java.lang.Thread.run(Thread.java:1583)
]]>
            </full-stacktrace>
          </exception> <!-- java.lang.AssertionError -->
          <reporter-output>
          </reporter-output>
        </test-method> <!-- verifyLogin -->
        <test-method is-config="true" signature="tearDown()[pri:0, instance:TestCase.TC002_LoginTest@79517588]" started-at="2025-12-20T21:46:06 IST" name="tearDown" finished-at="2025-12-20T21:46:06 IST" duration-ms="265" status="PASS">
          <reporter-output>
          </reporter-output>
        </test-method> <!-- tearDown -->
      </class> <!-- TestCase.TC002_LoginTest -->
      <class name="TestCase.TC001_AccountRegistrationTest">
        <test-method is-config="true" signature="setup(java.lang.String,java.lang.String)[pri:0, instance:TestCase.TC001_AccountRegistrationTest@79179359]" started-at="2025-12-20T21:45:46 IST" name="setup" finished-at="2025-12-20T21:45:48 IST" duration-ms="2434" status="PASS">
          <params>
            <param index="0">
              <value>
                <![CDATA[Windows]]>
              </value>
            </param>
            <param index="1">
              <value>
                <![CDATA[chrome]]>
              </value>
            </param>
          </params>
          <reporter-output>
          </reporter-output>
        </test-method> <!-- setup -->
        <test-method signature="verifyRegistration()[pri:0, instance:TestCase.TC001_AccountRegistrationTest@79179359]" started-at="2025-12-20T21:45:48 IST" name="verifyRegistration" finished-at="2025-12-20T21:45:50 IST" duration-ms="2112" status="PASS">
          <reporter-output>
          </reporter-output>
        </test-method> <!-- verifyRegistration -->
        <test-method is-config="true" signature="tearDown()[pri:0, instance:TestCase.TC001_AccountRegistrationTest@79179359]" started-at="2025-12-20T21:45:50 IST" name="tearDown" finished-at="2025-12-20T21:45:51 IST" duration-ms="149" status="PASS">
          <reporter-output>
          </reporter-output>
        </test-method> <!-- tearDown -->
      </class> <!-- TestCase.TC001_AccountRegistrationTest -->
      <class name="TestCase.TC003_LoginTestDDT">
        <test-method is-config="true" signature="setup(java.lang.String,java.lang.String)[pri:0, instance:TestCase.TC003_LoginTestDDT@3a0baae5]" started-at="2025-12-20T21:46:06 IST" name="setup" finished-at="2025-12-20T21:46:09 IST" duration-ms="2248" status="PASS">
          <params>
            <param index="0">
              <value>
                <![CDATA[Windows]]>
              </value>
            </param>
            <param index="1">
              <value>
                <![CDATA[chrome]]>
              </value>
            </param>
          </params>
          <reporter-output>
          </reporter-output>
        </test-method> <!-- setup -->
        <test-method signature="verify_loginDDT(java.lang.String,java.lang.String,java.lang.String)[pri:0, instance:TestCase.TC003_LoginTestDDT@3a0baae5]" started-at="2025-12-20T21:46:10 IST" name="verify_loginDDT" data-provider="LoginData" finished-at="2025-12-20T21:46:12 IST" duration-ms="2468" status="PASS">
          <params>
            <param index="0">
              <value>
                <![CDATA[testuser01@mail.com]]>
              </value>
            </param>
            <param index="1">
              <value>
                <![CDATA[Testuser@123]]>
              </value>
            </param>
            <param index="2">
              <value>
                <![CDATA[valid]]>
              </value>
            </param>
          </params>
          <reporter-output>
          </reporter-output>
        </test-method> <!-- verify_loginDDT -->
        <test-method signature="verify_loginDDT(java.lang.String,java.lang.String,java.lang.String)[pri:0, instance:TestCase.TC003_LoginTestDDT@3a0baae5]" started-at="2025-12-20T21:46:12 IST" name="verify_loginDDT" data-provider="LoginData" finished-at="2025-12-20T21:46:22 IST" duration-ms="10186" status="PASS">
          <params>
            <param index="0">
              <value>
                <![CDATA[testuser02@mail.com]]>
              </value>
            </param>
            <param index="1">
              <value>
                <![CDATA[Testuser@124]]>
              </value>
            </param>
            <param index="2">
              <value>
                <![CDATA[invalid]]>
              </value>
            </param>
          </params>
          <reporter-output>
          </reporter-output>
        </test-method> <!-- verify_loginDDT -->
        <test-method signature="verify_loginDDT(java.lang.String,java.lang.String,java.lang.String)[pri:0, instance:TestCase.TC003_LoginTestDDT@3a0baae5]" started-at="2025-12-20T21:46:22 IST" name="verify_loginDDT" data-provider="LoginData" finished-at="2025-12-20T21:46:32 IST" duration-ms="10212" status="PASS">
          <params>
            <param index="0">
              <value>
                <![CDATA[testuser03@mail.com]]>
              </value>
            </param>
            <param index="1">
              <value>
                <![CDATA[Testuser@125]]>
              </value>
            </param>
            <param index="2">
              <value>
                <![CDATA[invalid]]>
              </value>
            </param>
          </params>
          <reporter-output>
          </reporter-output>
        </test-method> <!-- verify_loginDDT -->
        <test-method signature="verify_loginDDT(java.lang.String,java.lang.String,java.lang.String)[pri:0, instance:TestCase.TC003_LoginTestDDT@3a0baae5]" started-at="2025-12-20T21:46:32 IST" name="verify_loginDDT" data-provider="LoginData" finished-at="2025-12-20T21:46:43 IST" duration-ms="10221" status="PASS">
          <params>
            <param index="0">
              <value>
                <![CDATA[testuser04@mail.com]]>
              </value>
            </param>
            <param index="1">
              <value>
                <![CDATA[Testuser@126]]>
              </value>
            </param>
            <param index="2">
              <value>
                <![CDATA[invalid]]>
              </value>
            </param>
          </params>
          <reporter-output>
          </reporter-output>
        </test-method> <!-- verify_loginDDT -->
        <test-method signature="verify_loginDDT(java.lang.String,java.lang.String,java.lang.String)[pri:0, instance:TestCase.TC003_LoginTestDDT@3a0baae5]" started-at="2025-12-20T21:46:43 IST" name="verify_loginDDT" data-provider="LoginData" finished-at="2025-12-20T21:46:53 IST" duration-ms="10191" status="PASS">
          <params>
            <param index="0">
              <value>
                <![CDATA[testuser05@mail.com]]>
              </value>
            </param>
            <param index="1">
              <value>
                <![CDATA[Testuser@127]]>
              </value>
            </param>
            <param index="2">
              <value>
                <![CDATA[invalid]]>
              </value>
            </param>
          </params>
          <reporter-output>
          </reporter-output>
        </test-method> <!-- verify_loginDDT -->
        <test-method is-config="true" signature="tearDown()[pri:0, instance:TestCase.TC003_LoginTestDDT@3a0baae5]" started-at="2025-12-20T21:46:53 IST" name="tearDown" finished-at="2025-12-20T21:46:53 IST" duration-ms="208" status="PASS">
          <reporter-output>
          </reporter-output>
        </test-method> <!-- tearDown -->
      </class> <!-- TestCase.TC003_LoginTestDDT -->
    </test> <!-- Chrome Test -->
  </suite> <!-- Master Suite -->
</testng-results>
