<?xml version="1.0" encoding="UTF-8"?>
<testng-results ignored="0" total="1" passed="1" failed="0" skipped="0">
  <reporter-output>
  </reporter-output>
  <suite started-at="2025-12-02T16:11:27 IST" name="Default suite" finished-at="2025-12-02T16:11:32 IST" duration-ms="4211">
    <groups>
    </groups>
    <test started-at="2025-12-02T16:11:27 IST" name="Default test" finished-at="2025-12-02T16:11:32 IST" duration-ms="4211">
      <class name="TestCase.TC001_AccountRegistrationTest">
        <test-method is-config="true" signature="setup()[pri:0, instance:TestCase.TC001_AccountRegistrationTest@2dcd168a]" started-at="2025-12-02T16:11:27 IST" name="setup" finished-at="2025-12-02T16:11:30 IST" duration-ms="2325" status="PASS">
          <reporter-output>
          </reporter-output>
        </test-method> <!-- setup -->
        <test-method signature="verifyRegistration()[pri:0, instance:TestCase.TC001_AccountRegistrationTest@2dcd168a]" started-at="2025-12-02T16:11:30 IST" name="verifyRegistration" finished-at="2025-12-02T16:11:32 IST" duration-ms="1682" status="PASS">
          <reporter-output>
          </reporter-output>
        </test-method> <!-- verifyRegistration -->
        <test-method is-config="true" signature="tearDown()[pri:0, instance:TestCase.TC001_AccountRegistrationTest@2dcd168a]" started-at="2025-12-02T16:11:32 IST" name="tearDown" finished-at="2025-12-02T16:11:32 IST" duration-ms="164" status="PASS">
          <reporter-output>
          </reporter-output>
        </test-method> <!-- tearDown -->
      </class> <!-- TestCase.TC001_AccountRegistrationTest -->
    </test> <!-- Default test -->
  </suite> <!-- Default suite -->
</testng-results>
