<?xml version="1.0" encoding="UTF-8"?>
<!-- Generated by org.testng.reporters.JUnitReportReporter -->
<testsuite hostname="ASUS" failures="0" tests="5" name="TestCase.TC003_LoginTestDDT" time="43.638" errors="0" timestamp="2025-12-08T14:48:03 IST" skipped="0">
  <testcase classname="TestCase.TC003_LoginTestDDT" name="verify_loginDDT" time="10.251"/>
  <testcase classname="TestCase.TC003_LoginTestDDT" name="verify_loginDDT" time="10.190"/>
  <testcase classname="TestCase.TC003_LoginTestDDT" name="verify_loginDDT" time="10.316"/>
  <testcase classname="TestCase.TC003_LoginTestDDT" name="verify_loginDDT" time="2.643"/>
  <testcase classname="TestCase.TC003_LoginTestDDT" name="verify_loginDDT" time="10.238"/>
</testsuite> <!-- TestCase.TC003_LoginTestDDT -->
