<?xml version="1.0" encoding="UTF-8"?>
<!-- Generated by org.testng.reporters.JUnitReportReporter -->
<testsuite hostname="ASUS" failures="0" tests="5" name="TestCase.TC003_LoginTestDDT" time="43.125" errors="0" timestamp="2025-12-13T18:39:47 IST" skipped="0">
  <testcase classname="TestCase.TC003_LoginTestDDT" name="verify_loginDDT" time="10.251"/>
  <testcase classname="TestCase.TC003_LoginTestDDT" name="verify_loginDDT" time="10.271"/>
  <testcase classname="TestCase.TC003_LoginTestDDT" name="verify_loginDDT" time="10.203"/>
  <testcase classname="TestCase.TC003_LoginTestDDT" name="verify_loginDDT" time="2.186"/>
  <testcase classname="TestCase.TC003_LoginTestDDT" name="verify_loginDDT" time="10.214"/>
</testsuite> <!-- TestCase.TC003_LoginTestDDT -->
